
> react-typescript-starter@0.1.0 test
> react-scripts test

Browserslist: caniuse-lite is outdated. Please run:
  npx browserslist@latest --update-db
  Why you should do it regularly: https://github.com/browserslist/browserslist#browsers-data-updating
PASS src/nested.test.ts
PASS src/arrays.test.ts
PASS src/objects.test.ts
PASS src/components/StartAttempt.test.tsx
PASS src/components/TwoDice.test.tsx
PASS src/form-components/MultipleChoiceQuestion.test.tsx
PASS src/bad-components/ChooseTeam.test.tsx
PASS src/bad-components/DoubleHalf.test.tsx
PASS src/HtmlCss.test.tsx
PASS src/functions.test.ts
PASS src/form-components/CheckAnswer.test.tsx
PASS src/form-components/EditMode.test.tsx
PASS src/components/ChangeType.test.tsx
PASS src/components/CycleHoliday.test.tsx
PASS src/form-components/GiveAttempts.test.tsx
PASS src/form-components/ChangeColor.test.tsx
PASS src/components/Counter.test.tsx
PASS src/components/RevealAnswer.test.tsx
PASS src/bad-components/ColoredBox.test.tsx
PASS src/bad-components/ShoveBox.test.tsx
PASS src/text.test.tsx
PASS src/App.test.tsx
-----------------------------|---------|----------|---------|---------|-------------------
File                         | % Stmts | % Branch | % Funcs | % Lines | Uncovered Line #s 
-----------------------------|---------|----------|---------|---------|-------------------
All files                    |   98.42 |     93.6 |     100 |    98.4 |                   
 src                         |   97.56 |     92.4 |     100 |   97.51 |                   
  App.tsx                    |     100 |      100 |     100 |     100 |                   
  arrays.ts                  |     100 |      100 |     100 |     100 |                   
  functions.ts               |   88.88 |    87.09 |     100 |   88.88 | 27,29,31          
  nested.ts                  |     100 |    94.11 |     100 |     100 | 124               
  objects.ts                 |   96.29 |       90 |     100 |   96.29 | 59                
 src/bad-components          |     100 |       50 |     100 |     100 |                   
  ChooseTeam.tsx             |     100 |       50 |     100 |     100 | 18                
  ColoredBox.tsx             |     100 |      100 |     100 |     100 |                   
  DoubleHalf.tsx             |     100 |      100 |     100 |     100 |                   
  ShoveBox.tsx               |     100 |      100 |     100 |     100 |                   
 src/components              |     100 |    96.66 |     100 |     100 |                   
  ChangeType.tsx             |     100 |      100 |     100 |     100 |                   
  Counter.tsx                |     100 |      100 |     100 |     100 |                   
  CycleHoliday.tsx           |     100 |      100 |     100 |     100 |                   
  RevealAnswer.tsx           |     100 |      100 |     100 |     100 |                   
  StartAttempt.tsx           |     100 |       75 |     100 |     100 | 9                 
  TwoDice.tsx                |     100 |      100 |     100 |     100 |                   
 src/form-components         |     100 |      100 |     100 |     100 |                   
  ChangeColor.tsx            |     100 |      100 |     100 |     100 |                   
  CheckAnswer.tsx            |     100 |      100 |     100 |     100 |                   
  EditMode.tsx               |     100 |      100 |     100 |     100 |                   
  GiveAttempts.tsx           |     100 |      100 |     100 |     100 |                   
  MultipleChoiceQuestion.tsx |     100 |      100 |     100 |     100 |                   
 src/interfaces              |       0 |        0 |       0 |       0 |                   
  answer.ts                  |       0 |        0 |       0 |       0 |                   
  question.ts                |       0 |        0 |       0 |       0 |                   
-----------------------------|---------|----------|---------|---------|-------------------

Test Suites: 22 passed, 22 total
Tests:       142 passed, 142 total
Snapshots:   0 total
Time:        13.711 s
Ran all test suites.
